Log file open, 03/25/25 02:25:44
LogWindows: Enabling Tpause support
LogTrace: Initializing trace...
LogTrace: Finished trace initialization.
LogInit: Session CrashGUID >====================================================
         Session CrashGUID >   UECC-Windows-D300268F49E989C890F970B2608515FD
         Session CrashGUID >====================================================
LogConfig: No local boot hotfix file found at: [../../../../Unreal Projects/3D-RPG-Game/ARpgFps/Saved/PersistentDownloadDir/HotfixForNextBoot.txt]
LogPluginManager: Mounting Engine plugin PlatformCrypto
LogInit: ExecutableName: UnrealPak.exe
LogInit: Build: ++UE5+Release-5.5-CL-40574608
LogInit: Platform=WindowsEditor
LogInit: MachineId=8c7876bd451253a6d780328f1f9c95d4
LogInit: DeviceId=
LogInit: Engine Version: 5.5.4-40574608+++UE5+Release-5.5
LogInit: Compatible Engine Version: 5.5.0-37670630+++UE5+Release-5.5
LogInit: Net CL: 37670630
LogInit: OS: Windows 10 (22H2) [10.0.19045.5608] (), CPU: 12th Gen Intel(R) Core(TM) i3-12100F, GPU: NVIDIA GeForce GTX 1650
LogInit: Compiled (64-bit): Mar  7 2025 14:59:45
LogInit: Architecture: x64
LogInit: Compiled with Visual C++: 19.38.33130.00
LogInit: Build Configuration: Development
LogInit: Branch Name: ++UE5+Release-5.5
LogInit: Command Line: -CreateGlobalContainer="C:\Users\Nghia\Documents\Unreal Projects\3D-RPG-Game\ARpgFps\Saved\StagedBuilds\Windows\ARpgFps\Content\Paks\global.utoc" -PackageStoreManifest="C:\Users\Nghia\Documents\Unreal Projects\3D-RPG-Game\ARpgFps\Saved\Cooked\Windows\ARpgFps\Metadata\packagestore.manifest" -CookedDirectory="C:\Users\Nghia\Documents\Unreal Projects\3D-RPG-Game\ARpgFps\Saved\Cooked\Windows" -Commands="C:\Users\Nghia\AppData\Roaming\Unreal Engine\AutomationTool\Logs\C+Users+Nghia+Documents+UE_5.5\IoStoreCommands.txt" -ScriptObjects="C:\Users\Nghia\Documents\Unreal Projects\3D-RPG-Game\ARpgFps\Saved\Cooked\Windows\ARpgFps\Metadata\scriptobjects.bin" -patchpaddingalign=2048 -compressionformats=Oodle -compresslevel=4 -compressmethod=Kraken -cryptokeys="C:\Users\Nghia\Documents\Unreal Projects\3D-RPG-Game\ARpgFps\Saved\Cooked\Windows\ARpgFps\Metadata\Crypto.json" -compressionMinBytesSaved=1024 -compressionMinPercentSaved=5 -WriteBackMetadataToAssetRegistry=Disabled -nopak
LogInit: Base Directory: C:/Users/Nghia/Documents/UE_5.5/Engine/Binaries/Win64/
LogInit: Allocator: Mimalloc
LogInit: Installed Engine Build: 1
LogInit: This binary is optimized with LTO: no, PGO: no, instrumented for PGO data collection: no
LogDevObjectVersion: Number of dev versions registered: 35
LogDevObjectVersion:   Dev-Blueprints (B0D832E4-1F89-4F0D-ACCF-7EB736FD4AA2): 10
LogDevObjectVersion:   Dev-Build (E1C64328-A22C-4D53-A36C-8E866417BD8C): 0
LogDevObjectVersion:   Dev-Core (375EC13C-06E4-48FB-B500-84F0262A717E): 4
LogDevObjectVersion:   Dev-Editor (E4B068ED-F494-42E9-A231-DA0B2E46BB41): 40
LogDevObjectVersion:   Dev-Framework (CFFC743F-43B0-4480-9391-14DF171D2073): 37
LogDevObjectVersion:   Dev-Mobile (B02B49B5-BB20-44E9-A304-32B752E40360): 3
LogDevObjectVersion:   Dev-Networking (A4E4105C-59A1-49B5-A7C5-40C4547EDFEE): 0
LogDevObjectVersion:   Dev-Online (39C831C9-5AE6-47DC-9A44-9C173E1C8E7C): 0
LogDevObjectVersion:   Dev-Physics (78F01B33-EBEA-4F98-B9B4-84EACCB95AA2): 20
LogDevObjectVersion:   Dev-Platform (6631380F-2D4D-43E0-8009-CF276956A95A): 0
LogDevObjectVersion:   Dev-Rendering (12F88B9F-8875-4AFC-A67C-D90C383ABD29): 49
LogDevObjectVersion:   Dev-Sequencer (7B5AE74C-D270-4C10-A958-57980B212A5A): 13
LogDevObjectVersion:   Dev-VR (D7296918-1DD6-4BDD-9DE2-64A83CC13884): 3
LogDevObjectVersion:   Dev-LoadTimes (C2A15278-BFE7-4AFE-6C17-90FF531DF755): 1
LogDevObjectVersion:   Private-Geometry (6EACA3D4-40EC-4CC1-B786-8BED09428FC5): 3
LogDevObjectVersion:   Dev-AnimPhys (29E575DD-E0A3-4627-9D10-D276232CDCEA): 17
LogDevObjectVersion:   Dev-Anim (AF43A65D-7FD3-4947-9873-3E8ED9C1BB05): 15
LogDevObjectVersion:   Dev-ReflectionCapture (6B266CEC-1EC7-4B8F-A30B-E4D90942FC07): 1
LogDevObjectVersion:   Dev-Automation (0DF73D61-A23F-47EA-B727-89E90C41499A): 1
LogDevObjectVersion:   FortniteMain (601D1886-AC64-4F84-AA16-D3DE0DEAC7D6): 170
LogDevObjectVersion:   FortniteValkyrie (8DBC2C5B-54A7-43E0-A768-FCBB7DA29060): 8
LogDevObjectVersion:   FortniteSeason (5B4C06B7-2463-4AF8-805B-BF70CDF5D0DD): 13
LogDevObjectVersion:   FortniteRelease (E7086368-6B23-4C58-8439-1B7016265E91): 15
LogDevObjectVersion:   Dev-Enterprise (9DFFBCD6-494F-0158-E221-12823C92A888): 10
LogDevObjectVersion:   Dev-Niagara (F2AED0AC-9AFE-416F-8664-AA7FFA26D6FC): 1
LogDevObjectVersion:   Dev-Destruction (174F1F0B-B4C6-45A5-B13F-2EE8D0FB917D): 10
LogDevObjectVersion:   Dev-Physics-Ext (35F94A83-E258-406C-A318-09F59610247C): 41
LogDevObjectVersion:   Dev-PhysicsMaterial-Chaos (B68FC16E-8B1B-42E2-B453-215C058844FE): 1
LogDevObjectVersion:   Dev-CineCamera (B2E18506-4273-CFC2-A54E-F4BB758BBA07): 1
LogDevObjectVersion:   Dev-VirtualProduction (64F58936-FD1B-42BA-BA96-7289D5D0FA4E): 1
LogDevObjectVersion:   UE5-Main (697DD581-E64F-41AB-AA4A-51ECBEB7B628): 119
LogDevObjectVersion:   UE5-Release (D89B5E42-24BD-4D46-8412-ACA8DF641779): 51
LogDevObjectVersion:   UE5-PrivateFrosty (59DA5D52-1232-4948-B878-597870B8E98B): 8
LogDevObjectVersion:   Dev-MediaFramework (6F0ED827-A609-4895-9C91-998D90180EA4): 2
LogDevObjectVersion:   Dev-NaniteResearch (30D58BE3-95EA-4282-A6E3-B159D8EBB06A): 1
LogConfig: Branch 'PlatformCrypto' had been unloaded. Reloading on-demand took 0.22ms
LogInit: Presizing for max 100000 objects, including 0 objects not considered by GC.
LogInit: Object subsystem initialized
LogConfig: Applying CVar settings from Section [Startup] File [../../../Engine/Config/ConsoleVariables.ini]
LogConfig: CVar [[r.DumpShaderDebugInfo:2]] deferred - dummy variable created
LogConfig: CVar [[p.chaos.AllowCreatePhysxBodies:1]] deferred - dummy variable created
LogConfig: CVar [[fx.SkipVectorVMBackendOptimizations:1]] deferred - dummy variable created
LogConfig: CVar [[ds.CADTranslator.Meshing.ActivateThinZoneMeshing:0]] deferred - dummy variable created
LogConfig: CVar [[ds.CADTranslator.Stitching.RemoveThinFaces:0]] deferred - dummy variable created
LogConfig: Applying CVar settings from Section [Startup_Windows] File [../../../Engine/Config/ConsoleVariables.ini]
LogConfig: Applying CVar settings from Section [ConsoleVariables] File [Engine]
LogConfig: Set CVar [[memory.MemoryPressureCriticalThresholdMB:512]]
[2025.03.24-19.25.44:182][  0]LogInit: Computer: DESKTOP-5P2ILKM
[2025.03.24-19.25.44:182][  0]LogInit: User: Nghia
[2025.03.24-19.25.44:182][  0]LogInit: CPU Page size=4096, Cores=4
[2025.03.24-19.25.44:182][  0]LogInit: High frequency timer resolution =10.000000 MHz
[2025.03.24-19.25.44:266][  0]LogMemory: Process is running as part of a Windows Job with separate resource limits
[2025.03.24-19.25.44:266][  0]LogMemory: Memory total: Physical=15.8GB (16GB approx) Virtual=24.3GB
[2025.03.24-19.25.44:266][  0]LogMemory: Platform Memory Stats for WindowsEditor
[2025.03.24-19.25.44:266][  0]LogMemory: Process Physical Memory: 50.41 MB used, 51.01 MB peak
[2025.03.24-19.25.44:266][  0]LogMemory: Process Virtual Memory: 96.94 MB used, 96.94 MB peak
[2025.03.24-19.25.44:266][  0]LogMemory: Physical Memory: 8527.12 MB used,  7666.82 MB free, 16193.94 MB total
[2025.03.24-19.25.44:266][  0]LogMemory: Virtual Memory: 13882.06 MB used,  11015.88 MB free, 24897.94 MB total
[2025.03.24-19.25.44:270][  0]LogAssetRegistry: FAssetRegistry took 0.0001 seconds to start up
[2025.03.24-19.25.44:271][  0]LogUObjectArray: 438 objects as part of root set at end of initial load.
[2025.03.24-19.25.44:271][  0]LogUObjectArray: CloseDisregardForGC: 0/0 objects in disregard for GC pool
[2025.03.24-19.25.44:271][  0]LogInit: Using OS detected language ().
[2025.03.24-19.25.44:271][  0]LogInit: Using OS detected locale ().
[2025.03.24-19.25.44:271][  0]LogTextLocalizationManager: No localization for '' exists, so 'en' will be used for the language.
[2025.03.24-19.25.44:271][  0]LogTextLocalizationManager: No localization for '' exists, so 'en' will be used for the locale.
[2025.03.24-19.25.44:272][  0]LogInit: Using OS detected language ().
[2025.03.24-19.25.44:272][  0]LogInit: Using OS detected locale ().
[2025.03.24-19.25.44:272][  0]LogTextLocalizationManager: No localization for '' exists, so 'en' will be used for the language.
[2025.03.24-19.25.44:272][  0]LogTextLocalizationManager: No localization for '' exists, so 'en' will be used for the locale.
[2025.03.24-19.25.44:272][  0]LogPakFile: Display: ProjectDir: ../../../../Unreal Projects/3D-RPG-Game/ARpgFps/
[2025.03.24-19.25.44:272][  0]LogIoStore: Display: ==================== IoStore Utils ====================
[2025.03.24-19.25.44:274][  0]LogIoStore: Display: Parsing crypto keys from a crypto key cache file 'C:\Users\Nghia\Documents\Unreal Projects\3D-RPG-Game\ARpgFps\Saved\Cooked\Windows\ARpgFps\Metadata\Crypto.json'
[2025.03.24-19.25.44:276][  0]LogIoStore: Display: Container signing - DISABLED
[2025.03.24-19.25.44:276][  0]LogIoStore: Display: Directory index - ENABLED
[2025.03.24-19.25.44:276][  0]LogIoStore: Display: Using compression format 'Oodle'
[2025.03.24-19.25.44:276][  0]LogIoStore: Display: Using memory mapping alignment '16384'
[2025.03.24-19.25.44:276][  0]LogIoStore: Display: Using compression block size '65536'
[2025.03.24-19.25.44:276][  0]LogIoStore: Display: Using compression block alignment '2048'
[2025.03.24-19.25.44:276][  0]LogIoStore: Display: Using compression min bytes saved '1024'
[2025.03.24-19.25.44:277][  0]LogIoStore: Display: Using compression min percent saved '5'
[2025.03.24-19.25.44:277][  0]LogIoStore: Display: Using max partition size '0'
[2025.03.24-19.25.44:277][  0]LogIoStore: Display: Not using DDC for compression
[2025.03.24-19.25.44:277][  0]LogIoStore: Display: Using command list file: 'C:\Users\Nghia\AppData\Roaming\Unreal Engine\AutomationTool\Logs\C+Users+Nghia+Documents+UE_5.5\IoStoreCommands.txt'
[2025.03.24-19.25.44:279][  0]LogIoStore: Display: Selected Oodle level 4 (Normal) from command line for shaders
[2025.03.24-19.25.44:280][  0]LogIoStore: Display: Fetched 849 oplog items from Manifest in 0.00 seconds
[2025.03.24-19.25.44:283][  0]LogIoStore: Display: Parsed 849 oplog items 0.00 seconds, 1049 chunks
[2025.03.24-19.25.44:291][  0]LogIoStore: Display: Using input asset registry: C:/Users/Nghia/Documents/Unreal Projects/3D-RPG-Game/ARpgFps/Saved/Cooked/Windows/ARpgFps/Metadata/DevelopmentAssetRegistry.bin
[2025.03.24-19.25.44:297][  0]LogIoStore: Display: Loaded 215 chunk hashes from AssetRegistry in 0.01 seconds, 215 hashes updated in 0.00 seconds
[2025.03.24-19.25.44:303][  0]LogIoStore: Display: Searching for cooked assets in folder 'C:\Users\Nghia\Documents\Unreal Projects\3D-RPG-Game\ARpgFps\Saved\Cooked\Windows'
[2025.03.24-19.25.44:317][  0]LogIoStore: Display: Found '1891' files
[2025.03.24-19.25.44:326][  0]LogIoStore: Display: Creating container targets...
[2025.03.24-19.25.44:329][  0]OodleDataCompression: Display: Oodle v2.9.12 format for pak/iostore with method=Kraken, level=4=Normal
[2025.03.24-19.25.44:356][  0]LogIoStore: Display: Parsing packages...
[2025.03.24-19.25.44:356][  0]LogIoStore: Display: Reading package assets...
[2025.03.24-19.25.44:367][  0]LogIoStore: Display: Packages read 834 files in 0.01 seconds, 1,368,338 total bytes, 133,017,527 bytes per second
[2025.03.24-19.25.44:370][  0]LogIoStore: Display: Processing shader libraries, compressing with Oodle Mermaid, level 4 (Normal)
[2025.03.24-19.25.44:375][  0]LogShaderLibrary: Display: Created IoStoreShaderArchive header: shaders grouped in 224 groups (68 of them didn't need new indices), average uncompressed size 93302 bytes, min 249 bytes, max 965040 bytes (r.ShaderCodeLibrary.MaxShaderGroupSize=1048576)
[2025.03.24-19.25.44:419][  0]LogIoStore: Display: ARpgFps-PCD3D_SM5(PCD3D_SM5): Recompressed 1575 shaders as 224 groups. Library size changed from 5520 KB (3.70 : 1 ratio) to 2440 KB (8.36 : 1 ratio), 44.21% of previous.
[2025.03.24-19.25.44:434][  0]LogShaderLibrary: Display: Created IoStoreShaderArchive header: shaders grouped in 299 groups (59 of them didn't need new indices), average uncompressed size 220927 bytes, min 1517 bytes, max 994295 bytes (r.ShaderCodeLibrary.MaxShaderGroupSize=1048576)
[2025.03.24-19.25.44:806][  0]LogIoStore: Display: ARpgFps-PCD3D_SM6(PCD3D_SM6): Recompressed 3958 shaders as 299 groups. Library size changed from 48790 KB (1.32 : 1 ratio) to 32616 KB (1.98 : 1 ratio), 66.85% of previous.
[2025.03.24-19.25.44:815][  0]LogShaderLibrary: Display: Created IoStoreShaderArchive header: shaders grouped in 361 groups (136 of them didn't need new indices), average uncompressed size 155371 bytes, min 249 bytes, max 1047981 bytes (r.ShaderCodeLibrary.MaxShaderGroupSize=1048576)
[2025.03.24-19.25.44:923][  0]LogIoStore: Display: Global-PCD3D_SM5(PCD3D_SM5): Recompressed 3916 shaders as 361 groups. Library size changed from 12619 KB (4.34 : 1 ratio) to 5557 KB (9.86 : 1 ratio), 44.03% of previous.
[2025.03.24-19.25.45:125][  0]LogShaderLibrary: Display: Created IoStoreShaderArchive header: shaders grouped in 543 groups (184 of them didn't need new indices), average uncompressed size 210920 bytes, min 1249 bytes, max 1045875 bytes (r.ShaderCodeLibrary.MaxShaderGroupSize=1048576)
[2025.03.24-19.25.45:772][  0]LogIoStore: Display: Global-PCD3D_SM6(PCD3D_SM6): Recompressed 7585 shaders as 543 groups. Library size changed from 85605 KB (1.31 : 1 ratio) to 48199 KB (2.32 : 1 ratio), 56.30% of previous.
[2025.03.24-19.25.45:779][  0]LogIoStore: Display: Shaders processed in 1.41 seconds
[2025.03.24-19.25.45:779][  0]LogIoStore: Display: Initialized WriteRequestManager with MaxConcurrentSourceReads=4 (8 cores), MaxSourceBufferMemory=3072MiB
[2025.03.24-19.25.45:781][  0]LogIoStore: Display: Processing redirects...
[2025.03.24-19.25.45:781][  0]LogIoStore: Display: Creating disk layout...
[2025.03.24-19.25.45:782][  0]LogIoStore: Display: Ordered 834 packages using fallback bundle order
[2025.03.24-19.25.45:795][  0]LogIoStore: Display: Serializing container(s)...
[2025.03.24-19.25.47:797][  0]LogIoStore: Display: Writing chunks 2273/2478... [845 compressed] [2841 compression tasks] [Physical: 1725 MiB, Virtual: 4154 MiB]
[2025.03.24-19.25.49:677][  0]LogIoStore: Display: Writing and compressing took 3.71 seconds, writes to disk took 0.47 seconds for 957,088,768 bytes @ 2,016,143,170 bytes per second.
[2025.03.24-19.25.49:677][  0]LogIoStore: Display: global: Found perfect hashmap for 1 items.
[2025.03.24-19.25.49:681][  0]LogIoStore: Display: ARpgFps-Windows: Found perfect hashmap for 2477 items.
[2025.03.24-19.25.49:723][  0]LogIoStore: Display: Finalize took 0.0 seconds for 2 writers to write 455,449 bytes, 9,871,664 bytes per second
[2025.03.24-19.25.49:723][  0]LogIoStore: Display: Writing tocs... [Physical: 1520 MiB, Virtual: 3481 MiB]
[2025.03.24-19.25.49:723][  0]LogIoStore: Display: 215 / 2,478 hashes were loaded from the hash database, by type:
[2025.03.24-19.25.49:723][  0]LogIoStore: Display:     BulkData                   215
[2025.03.24-19.25.49:723][  0]LogIoStore: Display: 1,049 / 2,478 chunks attempted to compress, by type:
[2025.03.24-19.25.49:723][  0]LogIoStore: Display:     ExportBundleData           834 / 834
[2025.03.24-19.25.49:723][  0]LogIoStore: Display:     BulkData                   215 / 215
[2025.03.24-19.25.49:723][  0]LogIoStore: Display:     ScriptObjects              0 / 1
[2025.03.24-19.25.49:724][  0]LogIoStore: Display:     ContainerHeader            0 / 1
[2025.03.24-19.25.49:724][  0]LogIoStore: Display:     ShaderCodeLibrary          0 / 4
[2025.03.24-19.25.49:724][  0]LogIoStore: Display:     ShaderCode                 0 / 1,423
[2025.03.24-19.25.49:724][  0]LogIoStore: Display: Source bytes read:
[2025.03.24-19.25.49:724][  0]LogIoStore: Display:     Zen:                                  0
[2025.03.24-19.25.49:724][  0]LogIoStore: Display:     Loose File:               1,880,420,854
[2025.03.24-19.25.49:724][  0]LogIoStore: Display:         ExportBundleData       1,097,966,454 bytes over 1,668 reads
[2025.03.24-19.25.49:724][  0]LogIoStore: Display:         BulkData                782,454,400 bytes over 215 reads
[2025.03.24-19.25.49:724][  0]LogIoStore: Display:     Memory:                     183,272,780
[2025.03.24-19.25.49:724][  0]LogIoStore: Display:         ShaderCodeLibrary         1,390,024 bytes over 8 reads
[2025.03.24-19.25.49:724][  0]LogIoStore: Display:         ShaderCode              181,882,756 bytes over 2,846 reads
[2025.03.24-19.25.49:724][  0]LogIoStore: Display: Calculating stats...
[2025.03.24-19.25.49:724][  0]LogIoStore: Display: 
[2025.03.24-19.25.49:724][  0]LogIoStore: Display: Container Summary
[2025.03.24-19.25.49:724][  0]LogIoStore: Display: ==================
[2025.03.24-19.25.49:724][  0]LogIoStore: Display: 
[2025.03.24-19.25.49:724][  0]LogIoStore: Display: Container                                               Flags      Chunk(s) #       TOC (KiB)       Raw Size (MiB)           Size (MiB)
[2025.03.24-19.25.49:724][  0]LogIoStore: Display: ----------------------------------------------------------------------------------------------------------------------------------------------
[2025.03.24-19.25.49:724][  0]LogIoStore: Display: global                                              -/-/-/-/-               1            0.63                 2.33                 2.33 -
[2025.03.24-19.25.49:724][  0]LogIoStore: Display: ARpgFps-Windows                                     C/-/-/I/-            2477          444.14              1359.78               910.42 (33.05% Oodle)
[2025.03.24-19.25.49:724][  0]LogIoStore: Display: ----------------------------------------------------------------------------------------------------------------------------------------------
[2025.03.24-19.25.49:724][  0]LogIoStore: Display: Total                                                                    2478          444.77              1362.10               912.75
[2025.03.24-19.25.49:724][  0]LogIoStore: Display: 
[2025.03.24-19.25.49:724][  0]LogIoStore: Display: ** Flags: (C)ompressed / (E)ncrypted / (S)igned) / (I)ndexed) / (O)nDemand **
[2025.03.24-19.25.49:724][  0]LogIoStore: Display: 
[2025.03.24-19.25.49:724][  0]LogIoStore: Display: Compression block padding:     1.77 MiB
[2025.03.24-19.25.49:724][  0]LogIoStore: Display: 
[2025.03.24-19.25.49:724][  0]LogIoStore: Display: Container Directory Index
[2025.03.24-19.25.49:724][  0]LogIoStore: Display: ==========================
[2025.03.24-19.25.49:724][  0]LogIoStore: Display: 
[2025.03.24-19.25.49:724][  0]LogIoStore: Display: Container                                          Size (KiB)
[2025.03.24-19.25.49:724][  0]LogIoStore: Display: ----------------------------------------------------------------------------------------------------------------------------------------------
[2025.03.24-19.25.49:724][  0]LogIoStore: Display: global                                                   0.00
[2025.03.24-19.25.49:724][  0]LogIoStore: Display: ARpgFps-Windows                                         50.51
[2025.03.24-19.25.49:724][  0]LogIoStore: Display: 
[2025.03.24-19.25.49:724][  0]LogIoStore: Display: Container Patch Report
[2025.03.24-19.25.49:724][  0]LogIoStore: Display: ========================
[2025.03.24-19.25.49:724][  0]LogIoStore: Display: 
[2025.03.24-19.25.49:724][  0]LogIoStore: Display: Container                                             Total #       Modified #          Added #   Modified (MiB)      Added (MiB)
[2025.03.24-19.25.49:724][  0]LogIoStore: Display: ----------------------------------------------------------------------------------------------------------------------------------------------
[2025.03.24-19.25.49:724][  0]LogIoStore: Display: global                                                      1                0                0             0.00             0.00
[2025.03.24-19.25.49:724][  0]LogIoStore: Display: ARpgFps-Windows                                          2477                0             2477             0.00           908.66
[2025.03.24-19.25.49:724][  0]LogIoStore: Display: 
[2025.03.24-19.25.49:724][  0]LogIoStore: Display: PackageStore
[2025.03.24-19.25.49:724][  0]LogIoStore: Display: =============
[2025.03.24-19.25.49:724][  0]LogIoStore: Display: 
[2025.03.24-19.25.49:724][  0]LogIoStore: Display: Container                                          Size (KiB)      Packages #     Localized #
[2025.03.24-19.25.49:724][  0]LogIoStore: Display: ----------------------------------------------------------------------------------------------------------------------------------------------
[2025.03.24-19.25.49:724][  0]LogIoStore: Display: ARpgFps-Windows                                            28             834               0
[2025.03.24-19.25.49:725][  0]LogIoStore: Display: ----------------------------------------------------------------------------------------------------------------------------------------------
[2025.03.24-19.25.49:725][  0]LogIoStore: Display: Total                                                      28             834               0
[2025.03.24-19.25.49:725][  0]LogIoStore: Display: 
[2025.03.24-19.25.49:725][  0]LogIoStore: Display: 
[2025.03.24-19.25.49:725][  0]LogIoStore: Display: Input:       834 Packages
[2025.03.24-19.25.49:725][  0]LogIoStore: Display: Input:      0.51 GB UExp
[2025.03.24-19.25.49:725][  0]LogIoStore: Display: Input:      0.00 GB UAsset
[2025.03.24-19.25.49:725][  0]LogIoStore: Display: Input:      0.73 GB UBulk
[2025.03.24-19.25.49:725][  0]LogIoStore: Display: Input:     52.50 MB for 904 Global shaders
[2025.03.24-19.25.49:725][  0]LogIoStore: Display: Input:      2.40 MB for 196 Shared shaders
[2025.03.24-19.25.49:725][  0]LogIoStore: Display: Input:      0.00 MB for 0 Unique shaders
[2025.03.24-19.25.49:725][  0]LogIoStore: Display: Input:     31.83 MB for 323 Inline shaders
[2025.03.24-19.25.49:725][  0]LogIoStore: Display: 
[2025.03.24-19.25.49:725][  0]LogIoStore: Display: Output:     9263 Name map entries
[2025.03.24-19.25.49:725][  0]LogIoStore: Display: Output:     1136 Imported package entries
[2025.03.24-19.25.49:725][  0]LogIoStore: Display: Output:      561 Packages without imports
[2025.03.24-19.25.49:725][  0]LogIoStore: Display: Output:        0 Public runtime script objects
[2025.03.24-19.25.49:725][  0]LogIoStore: Display: Output:     0.00 GB HeaderData
[2025.03.24-19.25.49:727][  0]LogIoStore: Display: Output:     2.33 MB InitialLoadData
[2025.03.24-19.25.49:727][  0]LogIoStore: Display: 
[2025.03.24-19.25.49:730][  0]LogPakFile: Display: UnrealPak executed in 5.458362 seconds
[2025.03.24-19.25.49:733][  0]LogCore: Engine exit requested (reason: UnrealPak Exiting)
[2025.03.24-19.25.49:733][  0]LogExit: Preparing to exit.
[2025.03.24-19.25.49:734][  0]LogExit: Object subsystem successfully closed.
[2025.03.24-19.25.49:735][  0]LogPakFile: Destroying PakPlatformFile
[2025.03.24-19.25.49:735][  0]LogExit: Exiting.
[2025.03.24-19.25.49:762][  0]Log file closed, 03/25/25 02:25:49
